# JRE version: OpenJDK Runtime Environment Corretto-11.0.18.10.1 (11.0.18+10) (build 11.0.18+10-LTS)
# Java VM: OpenJDK 64-Bit Server VM Corretto-11.0.18.10.1 (11.0.18+10-LTS, mixed mode, tiered, compressed oops, g1 gc, windows-amd64)
Heap:
 garbage-first heap   total 258048K, used 18816K [0x0000000705400000, 0x0000000800000000)
  region size 1024K, 15 young (15360K), 8 survivors (8192K)
 Metaspace       used 36452K, capacity 37395K, committed 37712K, reserved 1083392K
  class space    used 4312K, capacity 4678K, committed 4736K, reserved 1048576K
GC Heap History (8 events):
Event: 0.404 GC heap before
{Heap before GC invocations=0 (full 0):
 garbage-first heap   total 258048K, used 24576K [0x0000000705400000, 0x0000000800000000)
  region size 1024K, 24 young (24576K), 0 survivors (0K)
 Metaspace       used 13027K, capacity 13326K, committed 13440K, reserved 1060864K
  class space    used 1271K, capacity 1386K, committed 1408K, reserved 1048576K
}
Event: 0.406 GC heap after
{Heap after GC invocations=1 (full 0):
 garbage-first heap   total 258048K, used 5132K [0x0000000705400000, 0x0000000800000000)
  region size 1024K, 3 young (3072K), 3 survivors (3072K)
 Metaspace       used 13027K, capacity 13326K, committed 13440K, reserved 1060864K
  class space    used 1271K, capacity 1386K, committed 1408K, reserved 1048576K
}
Event: 0.692 GC heap before
{Heap before GC invocations=1 (full 0):
 garbage-first heap   total 258048K, used 45068K [0x0000000705400000, 0x0000000800000000)
  region size 1024K, 43 young (44032K), 3 survivors (3072K)
 Metaspace       used 20709K, capacity 21189K, committed 21248K, reserved 1069056K
  class space    used 2352K, capacity 2544K, committed 2560K, reserved 1048576K
}
Event: 0.695 GC heap after
{Heap after GC invocations=2 (full 0):
 garbage-first heap   total 258048K, used 7028K [0x0000000705400000, 0x0000000800000000)
  region size 1024K, 5 young (5120K), 5 survivors (5120K)
 Metaspace       used 20709K, capacity 21189K, committed 21248K, reserved 1069056K
  class space    used 2352K, capacity 2544K, committed 2560K, reserved 1048576K
}
Event: 0.919 GC heap before
{Heap before GC invocations=3 (full 0):
 garbage-first heap   total 258048K, used 58228K [0x0000000705400000, 0x0000000800000000)
  region size 1024K, 56 young (57344K), 5 survivors (5120K)
 Metaspace       used 27635K, capacity 28236K, committed 28284K, reserved 1075200K
  class space    used 3196K, capacity 3420K, committed 3456K, reserved 1048576K
}
Event: 0.922 GC heap after
{Heap after GC invocations=4 (full 0):
 garbage-first heap   total 258048K, used 9637K [0x0000000705400000, 0x0000000800000000)
  region size 1024K, 5 young (5120K), 5 survivors (5120K)
 Metaspace       used 27635K, capacity 28236K, committed 28284K, reserved 1075200K
  class space    used 3196K, capacity 3420K, committed 3456K, reserved 1048576K
}
Event: 1.501 GC heap before
{Heap before GC invocations=4 (full 0):
 garbage-first heap   total 258048K, used 69029K [0x0000000705400000, 0x0000000800000000)
  region size 1024K, 64 young (65536K), 5 survivors (5120K)
 Metaspace       used 35071K, capacity 35956K, committed 36048K, reserved 1081344K
  class space    used 4170K, capacity 4542K, committed 4608K, reserved 1048576K
}
Event: 1.507 GC heap after
{Heap after GC invocations=5 (full 0):
 garbage-first heap   total 258048K, used 12672K [0x0000000705400000, 0x0000000800000000)
  region size 1024K, 8 young (8192K), 8 survivors (8192K)
 Metaspace       used 35071K, capacity 35956K, committed 36048K, reserved 1081344K
  class space    used 4170K, capacity 4542K, committed 4608K, reserved 1048576K
}

